{"/home/elisad5791/frontend-project-lvl2/src/index.js": {"path":"/home/elisad5791/frontend-project-lvl2/src/index.js","statementMap":{"0":{"start":{"line":4,"column":21},"end":{"line":25,"column":1}},"1":{"start":{"line":5,"column":23},"end":{"line":5,"column":54}},"2":{"start":{"line":6,"column":23},"end":{"line":6,"column":54}},"3":{"start":{"line":8,"column":16},"end":{"line":8,"column":40}},"4":{"start":{"line":9,"column":16},"end":{"line":9,"column":40}},"5":{"start":{"line":10,"column":16},"end":{"line":10,"column":34}},"6":{"start":{"line":11,"column":16},"end":{"line":11,"column":34}},"7":{"start":{"line":12,"column":21},"end":{"line":12,"column":52}},"8":{"start":{"line":14,"column":15},"end":{"line":21,"column":15}},"9":{"start":{"line":15,"column":17},"end":{"line":15,"column":40}},"10":{"start":{"line":16,"column":17},"end":{"line":16,"column":40}},"11":{"start":{"line":17,"column":4},"end":{"line":17,"column":57}},"12":{"start":{"line":17,"column":36},"end":{"line":17,"column":57}},"13":{"start":{"line":18,"column":4},"end":{"line":18,"column":57}},"14":{"start":{"line":18,"column":36},"end":{"line":18,"column":57}},"15":{"start":{"line":19,"column":4},"end":{"line":19,"column":56}},"16":{"start":{"line":19,"column":35},"end":{"line":19,"column":56}},"17":{"start":{"line":20,"column":4},"end":{"line":20,"column":38}},"18":{"start":{"line":22,"column":15},"end":{"line":22,"column":30}},"19":{"start":{"line":24,"column":2},"end":{"line":24,"column":14}}},"fnMap":{"0":{"name":"(anonymous_0)","decl":{"start":{"line":4,"column":21},"end":{"line":4,"column":22}},"loc":{"start":{"line":4,"column":47},"end":{"line":25,"column":1}},"line":4},"1":{"name":"(anonymous_1)","decl":{"start":{"line":14,"column":30},"end":{"line":14,"column":31}},"loc":{"start":{"line":14,"column":39},"end":{"line":21,"column":3}},"line":14}},"branchMap":{"0":{"loc":{"start":{"line":17,"column":4},"end":{"line":17,"column":57}},"type":"if","locations":[{"start":{"line":17,"column":4},"end":{"line":17,"column":57}},{"start":{},"end":{}}],"line":17},"1":{"loc":{"start":{"line":18,"column":4},"end":{"line":18,"column":57}},"type":"if","locations":[{"start":{"line":18,"column":4},"end":{"line":18,"column":57}},{"start":{},"end":{}}],"line":18},"2":{"loc":{"start":{"line":19,"column":4},"end":{"line":19,"column":56}},"type":"if","locations":[{"start":{"line":19,"column":4},"end":{"line":19,"column":56}},{"start":{},"end":{}}],"line":19}},"s":{"0":1,"1":3,"2":3,"3":3,"4":3,"5":3,"6":3,"7":3,"8":3,"9":12,"10":12,"11":12,"12":1,"13":11,"14":3,"15":8,"16":1,"17":7,"18":3,"19":3},"f":{"0":3,"1":12},"b":{"0":[1,11],"1":[3,8],"2":[1,7]},"_coverageSchema":"1a1c01bbd47fc00a2c39e90264f33305004495a9","hash":"a67ba5a303b548d7b1b3160c75f279adcc1b0665"}
}
